Determining if the include file malloc/malloc.h exists failed with the following output:
Change Dir: /home/zhangjb/workspace/light-fm-95pvs/gpu_bxm_4_64/llvm-5935153/llvm.riscv64/CMakeFiles/CMakeTmp

Run Build Command:"/usr/bin/ninja" "cmTC_4b777"
[1/2] Building C object CMakeFiles/cmTC_4b777.dir/CheckIncludeFile.c.o
FAILED: CMakeFiles/cmTC_4b777.dir/CheckIncludeFile.c.o 
/home/zhangjb/workspace/light-fm-95pvs/buildroot/output/host/bin/riscv64-unknown-linux-gnu-gcc --sysroot=/home/zhangjb/workspace/light-fm-95pvs/buildroot/output/host/opt/ext-toolchain/sysroot    -o CMakeFiles/cmTC_4b777.dir/CheckIncludeFile.c.o   -c CheckIncludeFile.c
CheckIncludeFile.c:1:10: fatal error: malloc/malloc.h: No such file or directory
 #include <malloc/malloc.h>
          ^~~~~~~~~~~~~~~~~
compilation terminated.
ninja: build stopped: subcommand failed.


Determining if the include file valgrind/valgrind.h exists failed with the following output:
Change Dir: /home/zhangjb/workspace/light-fm-95pvs/gpu_bxm_4_64/llvm-5935153/llvm.riscv64/CMakeFiles/CMakeTmp

Run Build Command:"/usr/bin/ninja" "cmTC_460b1"
[1/2] Building C object CMakeFiles/cmTC_460b1.dir/CheckIncludeFile.c.o
FAILED: CMakeFiles/cmTC_460b1.dir/CheckIncludeFile.c.o 
/home/zhangjb/workspace/light-fm-95pvs/buildroot/output/host/bin/riscv64-unknown-linux-gnu-gcc --sysroot=/home/zhangjb/workspace/light-fm-95pvs/buildroot/output/host/opt/ext-toolchain/sysroot    -o CMakeFiles/cmTC_460b1.dir/CheckIncludeFile.c.o   -c CheckIncludeFile.c
CheckIncludeFile.c:1:10: fatal error: valgrind/valgrind.h: No such file or directory
 #include <valgrind/valgrind.h>
          ^~~~~~~~~~~~~~~~~~~~~
compilation terminated.
ninja: build stopped: subcommand failed.


Determining if the include file zlib.h exists failed with the following output:
Change Dir: /home/zhangjb/workspace/light-fm-95pvs/gpu_bxm_4_64/llvm-5935153/llvm.riscv64/CMakeFiles/CMakeTmp

Run Build Command:"/usr/bin/ninja" "cmTC_b3b1a"
[1/2] Building C object CMakeFiles/cmTC_b3b1a.dir/CheckIncludeFile.c.o
FAILED: CMakeFiles/cmTC_b3b1a.dir/CheckIncludeFile.c.o 
/home/zhangjb/workspace/light-fm-95pvs/buildroot/output/host/bin/riscv64-unknown-linux-gnu-gcc --sysroot=/home/zhangjb/workspace/light-fm-95pvs/buildroot/output/host/opt/ext-toolchain/sysroot    -o CMakeFiles/cmTC_b3b1a.dir/CheckIncludeFile.c.o   -c CheckIncludeFile.c
CheckIncludeFile.c:1:10: fatal error: zlib.h: No such file or directory
 #include <zlib.h>
          ^~~~~~~~
compilation terminated.
ninja: build stopped: subcommand failed.


Determining if the include file mach/mach.h exists failed with the following output:
Change Dir: /home/zhangjb/workspace/light-fm-95pvs/gpu_bxm_4_64/llvm-5935153/llvm.riscv64/CMakeFiles/CMakeTmp

Run Build Command:"/usr/bin/ninja" "cmTC_ac5a7"
[1/2] Building C object CMakeFiles/cmTC_ac5a7.dir/CheckIncludeFile.c.o
FAILED: CMakeFiles/cmTC_ac5a7.dir/CheckIncludeFile.c.o 
/home/zhangjb/workspace/light-fm-95pvs/buildroot/output/host/bin/riscv64-unknown-linux-gnu-gcc --sysroot=/home/zhangjb/workspace/light-fm-95pvs/buildroot/output/host/opt/ext-toolchain/sysroot    -o CMakeFiles/cmTC_ac5a7.dir/CheckIncludeFile.c.o   -c CheckIncludeFile.c
CheckIncludeFile.c:1:10: fatal error: mach/mach.h: No such file or directory
 #include <mach/mach.h>
          ^~~~~~~~~~~~~
compilation terminated.
ninja: build stopped: subcommand failed.


Determining if the include file histedit.h exists failed with the following output:
Change Dir: /home/zhangjb/workspace/light-fm-95pvs/gpu_bxm_4_64/llvm-5935153/llvm.riscv64/CMakeFiles/CMakeTmp

Run Build Command:"/usr/bin/ninja" "cmTC_bbc2a"
[1/2] Building C object CMakeFiles/cmTC_bbc2a.dir/CheckIncludeFile.c.o
FAILED: CMakeFiles/cmTC_bbc2a.dir/CheckIncludeFile.c.o 
/home/zhangjb/workspace/light-fm-95pvs/buildroot/output/host/bin/riscv64-unknown-linux-gnu-gcc --sysroot=/home/zhangjb/workspace/light-fm-95pvs/buildroot/output/host/opt/ext-toolchain/sysroot    -o CMakeFiles/cmTC_bbc2a.dir/CheckIncludeFile.c.o   -c CheckIncludeFile.c
CheckIncludeFile.c:1:10: fatal error: histedit.h: No such file or directory
 #include <histedit.h>
          ^~~~~~~~~~~~
compilation terminated.
ninja: build stopped: subcommand failed.


Determining if the include file CrashReporterClient.h exists failed with the following output:
Change Dir: /home/zhangjb/workspace/light-fm-95pvs/gpu_bxm_4_64/llvm-5935153/llvm.riscv64/CMakeFiles/CMakeTmp

Run Build Command:"/usr/bin/ninja" "cmTC_edcb4"
[1/2] Building C object CMakeFiles/cmTC_edcb4.dir/CheckIncludeFile.c.o
FAILED: CMakeFiles/cmTC_edcb4.dir/CheckIncludeFile.c.o 
/home/zhangjb/workspace/light-fm-95pvs/buildroot/output/host/bin/riscv64-unknown-linux-gnu-gcc --sysroot=/home/zhangjb/workspace/light-fm-95pvs/buildroot/output/host/opt/ext-toolchain/sysroot    -o CMakeFiles/cmTC_edcb4.dir/CheckIncludeFile.c.o   -c CheckIncludeFile.c
CheckIncludeFile.c:1:10: fatal error: CrashReporterClient.h: No such file or directory
 #include <CrashReporterClient.h>
          ^~~~~~~~~~~~~~~~~~~~~~~
compilation terminated.
ninja: build stopped: subcommand failed.


Determining if the function pfm_initialize exists in the pfm failed with the following output:
Change Dir: /home/zhangjb/workspace/light-fm-95pvs/gpu_bxm_4_64/llvm-5935153/llvm.riscv64/CMakeFiles/CMakeTmp

Run Build Command:"/usr/bin/ninja" "cmTC_de8ad"
[1/2] Building C object CMakeFiles/cmTC_de8ad.dir/CheckFunctionExists.c.o
[2/2] Linking C executable cmTC_de8ad
FAILED: cmTC_de8ad 
: && /home/zhangjb/workspace/light-fm-95pvs/buildroot/output/host/bin/riscv64-unknown-linux-gnu-gcc --sysroot=/home/zhangjb/workspace/light-fm-95pvs/buildroot/output/host/opt/ext-toolchain/sysroot -DCHECK_FUNCTION_EXISTS=pfm_initialize   CMakeFiles/cmTC_de8ad.dir/CheckFunctionExists.c.o  -o cmTC_de8ad  -lpfm -lm && :
/home/zhangjb/workspace/light-fm-95pvs/buildroot/output/host/opt/ext-toolchain/bin/../lib/gcc/riscv64-unknown-linux-gnu/8.1.0/../../../../riscv64-unknown-linux-gnu/bin/ld: cannot find -lpfm
collect2: error: ld returned 1 exit status
ninja: build stopped: subcommand failed.


Determining if the pthread_create exist failed with the following output:
Change Dir: /home/zhangjb/workspace/light-fm-95pvs/gpu_bxm_4_64/llvm-5935153/llvm.riscv64/CMakeFiles/CMakeTmp

Run Build Command:"/usr/bin/ninja" "cmTC_a3f90"
[1/2] Building C object CMakeFiles/cmTC_a3f90.dir/CheckSymbolExists.c.o
[2/2] Linking C executable cmTC_a3f90
FAILED: cmTC_a3f90 
: && /home/zhangjb/workspace/light-fm-95pvs/buildroot/output/host/bin/riscv64-unknown-linux-gnu-gcc --sysroot=/home/zhangjb/workspace/light-fm-95pvs/buildroot/output/host/opt/ext-toolchain/sysroot    CMakeFiles/cmTC_a3f90.dir/CheckSymbolExists.c.o  -o cmTC_a3f90  -lm && :
/home/zhangjb/workspace/light-fm-95pvs/buildroot/output/host/opt/ext-toolchain/bin/../lib/gcc/riscv64-unknown-linux-gnu/8.1.0/../../../../riscv64-unknown-linux-gnu/bin/ld: CMakeFiles/cmTC_a3f90.dir/CheckSymbolExists.c.o: in function `main':
CheckSymbolExists.c:(.text+0x18): undefined reference to `pthread_create'
/home/zhangjb/workspace/light-fm-95pvs/buildroot/output/host/opt/ext-toolchain/bin/../lib/gcc/riscv64-unknown-linux-gnu/8.1.0/../../../../riscv64-unknown-linux-gnu/bin/ld: CheckSymbolExists.c:(.text+0x1c): undefined reference to `pthread_create'
collect2: error: ld returned 1 exit status
ninja: build stopped: subcommand failed.

File /home/zhangjb/workspace/light-fm-95pvs/gpu_bxm_4_64/llvm-5935153/llvm.riscv64/CMakeFiles/CMakeTmp/CheckSymbolExists.c:
/* */
#include <pthread.h>

int main(int argc, char** argv)
{
  (void)argv;
#ifndef pthread_create
  return ((int*)(&pthread_create))[argc];
#else
  (void)argc;
  return 0;
#endif
}

Determining if the function pthread_create exists in the pthreads failed with the following output:
Change Dir: /home/zhangjb/workspace/light-fm-95pvs/gpu_bxm_4_64/llvm-5935153/llvm.riscv64/CMakeFiles/CMakeTmp

Run Build Command:"/usr/bin/ninja" "cmTC_5d47a"
[1/2] Building C object CMakeFiles/cmTC_5d47a.dir/CheckFunctionExists.c.o
[2/2] Linking C executable cmTC_5d47a
FAILED: cmTC_5d47a 
: && /home/zhangjb/workspace/light-fm-95pvs/buildroot/output/host/bin/riscv64-unknown-linux-gnu-gcc --sysroot=/home/zhangjb/workspace/light-fm-95pvs/buildroot/output/host/opt/ext-toolchain/sysroot -DCHECK_FUNCTION_EXISTS=pthread_create   CMakeFiles/cmTC_5d47a.dir/CheckFunctionExists.c.o  -o cmTC_5d47a  -lpthreads -lm && :
/home/zhangjb/workspace/light-fm-95pvs/buildroot/output/host/opt/ext-toolchain/bin/../lib/gcc/riscv64-unknown-linux-gnu/8.1.0/../../../../riscv64-unknown-linux-gnu/bin/ld: cannot find -lpthreads
collect2: error: ld returned 1 exit status
ninja: build stopped: subcommand failed.


Determining if the function xar_open exists in the xar failed with the following output:
Change Dir: /home/zhangjb/workspace/light-fm-95pvs/gpu_bxm_4_64/llvm-5935153/llvm.riscv64/CMakeFiles/CMakeTmp

Run Build Command:"/usr/bin/ninja" "cmTC_dc2a5"
[1/2] Building C object CMakeFiles/cmTC_dc2a5.dir/CheckFunctionExists.c.o
[2/2] Linking C executable cmTC_dc2a5
FAILED: cmTC_dc2a5 
: && /home/zhangjb/workspace/light-fm-95pvs/buildroot/output/host/bin/riscv64-unknown-linux-gnu-gcc --sysroot=/home/zhangjb/workspace/light-fm-95pvs/buildroot/output/host/opt/ext-toolchain/sysroot -DCHECK_FUNCTION_EXISTS=xar_open   CMakeFiles/cmTC_dc2a5.dir/CheckFunctionExists.c.o  -o cmTC_dc2a5  -lxar -lm && :
/home/zhangjb/workspace/light-fm-95pvs/buildroot/output/host/opt/ext-toolchain/bin/../lib/gcc/riscv64-unknown-linux-gnu/8.1.0/../../../../riscv64-unknown-linux-gnu/bin/ld: cannot find -lxar
collect2: error: ld returned 1 exit status
ninja: build stopped: subcommand failed.


Determining if the arc4random exist failed with the following output:
Change Dir: /home/zhangjb/workspace/light-fm-95pvs/gpu_bxm_4_64/llvm-5935153/llvm.riscv64/CMakeFiles/CMakeTmp

Run Build Command:"/usr/bin/ninja" "cmTC_80153"
[1/2] Building C object CMakeFiles/cmTC_80153.dir/CheckSymbolExists.c.o
FAILED: CMakeFiles/cmTC_80153.dir/CheckSymbolExists.c.o 
/home/zhangjb/workspace/light-fm-95pvs/buildroot/output/host/bin/riscv64-unknown-linux-gnu-gcc --sysroot=/home/zhangjb/workspace/light-fm-95pvs/buildroot/output/host/opt/ext-toolchain/sysroot    -o CMakeFiles/cmTC_80153.dir/CheckSymbolExists.c.o   -c CheckSymbolExists.c
CheckSymbolExists.c: In function 'main':
CheckSymbolExists.c:8:19: error: 'arc4random' undeclared (first use in this function); did you mean 'srandom'?
   return ((int*)(&arc4random))[argc];
                   ^~~~~~~~~~
                   srandom
CheckSymbolExists.c:8:19: note: each undeclared identifier is reported only once for each function it appears in
ninja: build stopped: subcommand failed.

File /home/zhangjb/workspace/light-fm-95pvs/gpu_bxm_4_64/llvm-5935153/llvm.riscv64/CMakeFiles/CMakeTmp/CheckSymbolExists.c:
/* */
#include <stdlib.h>

int main(int argc, char** argv)
{
  (void)argv;
#ifndef arc4random
  return ((int*)(&arc4random))[argc];
#else
  (void)argc;
  return 0;
#endif
}

Performing C SOURCE FILE Test C_SUPPORTS_WERROR_UNGUARDED_AVAILABILITY_NEW failed with the following output:
Change Dir: /home/zhangjb/workspace/light-fm-95pvs/gpu_bxm_4_64/llvm-5935153/llvm.riscv64/CMakeFiles/CMakeTmp

Run Build Command:"/usr/bin/ninja" "cmTC_28c31"
[1/2] Building C object CMakeFiles/cmTC_28c31.dir/src.c.o
FAILED: CMakeFiles/cmTC_28c31.dir/src.c.o 
/home/zhangjb/workspace/light-fm-95pvs/buildroot/output/host/bin/riscv64-unknown-linux-gnu-gcc --sysroot=/home/zhangjb/workspace/light-fm-95pvs/buildroot/output/host/opt/ext-toolchain/sysroot   -DC_SUPPORTS_WERROR_UNGUARDED_AVAILABILITY_NEW   -Werror=unguarded-availability-new -o CMakeFiles/cmTC_28c31.dir/src.c.o   -c src.c
cc1: error: -Werror=unguarded-availability-new: no option -Wunguarded-availability-new
ninja: build stopped: subcommand failed.

Source file was:
int main(void) { return 0; }
Determining if the mallctl exist failed with the following output:
Change Dir: /home/zhangjb/workspace/light-fm-95pvs/gpu_bxm_4_64/llvm-5935153/llvm.riscv64/CMakeFiles/CMakeTmp

Run Build Command:"/usr/bin/ninja" "cmTC_56755"
[1/2] Building C object CMakeFiles/cmTC_56755.dir/CheckSymbolExists.c.o
FAILED: CMakeFiles/cmTC_56755.dir/CheckSymbolExists.c.o 
/home/zhangjb/workspace/light-fm-95pvs/buildroot/output/host/bin/riscv64-unknown-linux-gnu-gcc --sysroot=/home/zhangjb/workspace/light-fm-95pvs/buildroot/output/host/opt/ext-toolchain/sysroot    -o CMakeFiles/cmTC_56755.dir/CheckSymbolExists.c.o   -c CheckSymbolExists.c
CheckSymbolExists.c:2:10: fatal error: malloc_np.h: No such file or directory
 #include <malloc_np.h>
          ^~~~~~~~~~~~~
compilation terminated.
ninja: build stopped: subcommand failed.

File /home/zhangjb/workspace/light-fm-95pvs/gpu_bxm_4_64/llvm-5935153/llvm.riscv64/CMakeFiles/CMakeTmp/CheckSymbolExists.c:
/* */
#include <malloc_np.h>

int main(int argc, char** argv)
{
  (void)argv;
#ifndef mallctl
  return ((int*)(&mallctl))[argc];
#else
  (void)argc;
  return 0;
#endif
}

Determining if the malloc_zone_statistics exist failed with the following output:
Change Dir: /home/zhangjb/workspace/light-fm-95pvs/gpu_bxm_4_64/llvm-5935153/llvm.riscv64/CMakeFiles/CMakeTmp

Run Build Command:"/usr/bin/ninja" "cmTC_b5cc8"
[1/2] Building C object CMakeFiles/cmTC_b5cc8.dir/CheckSymbolExists.c.o
FAILED: CMakeFiles/cmTC_b5cc8.dir/CheckSymbolExists.c.o 
/home/zhangjb/workspace/light-fm-95pvs/buildroot/output/host/bin/riscv64-unknown-linux-gnu-gcc --sysroot=/home/zhangjb/workspace/light-fm-95pvs/buildroot/output/host/opt/ext-toolchain/sysroot    -o CMakeFiles/cmTC_b5cc8.dir/CheckSymbolExists.c.o   -c CheckSymbolExists.c
CheckSymbolExists.c:2:10: fatal error: malloc/malloc.h: No such file or directory
 #include <malloc/malloc.h>
          ^~~~~~~~~~~~~~~~~
compilation terminated.
ninja: build stopped: subcommand failed.

File /home/zhangjb/workspace/light-fm-95pvs/gpu_bxm_4_64/llvm-5935153/llvm.riscv64/CMakeFiles/CMakeTmp/CheckSymbolExists.c:
/* */
#include <malloc/malloc.h>

int main(int argc, char** argv)
{
  (void)argv;
#ifndef malloc_zone_statistics
  return ((int*)(&malloc_zone_statistics))[argc];
#else
  (void)argc;
  return 0;
#endif
}

Determining if the strerror_s exist failed with the following output:
Change Dir: /home/zhangjb/workspace/light-fm-95pvs/gpu_bxm_4_64/llvm-5935153/llvm.riscv64/CMakeFiles/CMakeTmp

Run Build Command:"/usr/bin/ninja" "cmTC_83e82"
[1/2] Building C object CMakeFiles/cmTC_83e82.dir/CheckSymbolExists.c.o
FAILED: CMakeFiles/cmTC_83e82.dir/CheckSymbolExists.c.o 
/home/zhangjb/workspace/light-fm-95pvs/buildroot/output/host/bin/riscv64-unknown-linux-gnu-gcc --sysroot=/home/zhangjb/workspace/light-fm-95pvs/buildroot/output/host/opt/ext-toolchain/sysroot    -o CMakeFiles/cmTC_83e82.dir/CheckSymbolExists.c.o   -c CheckSymbolExists.c
CheckSymbolExists.c: In function 'main':
CheckSymbolExists.c:8:19: error: 'strerror_s' undeclared (first use in this function); did you mean 'strerror_l'?
   return ((int*)(&strerror_s))[argc];
                   ^~~~~~~~~~
                   strerror_l
CheckSymbolExists.c:8:19: note: each undeclared identifier is reported only once for each function it appears in
ninja: build stopped: subcommand failed.

File /home/zhangjb/workspace/light-fm-95pvs/gpu_bxm_4_64/llvm-5935153/llvm.riscv64/CMakeFiles/CMakeTmp/CheckSymbolExists.c:
/* */
#include <string.h>

int main(int argc, char** argv)
{
  (void)argv;
#ifndef strerror_s
  return ((int*)(&strerror_s))[argc];
#else
  (void)argc;
  return 0;
#endif
}

Determining if the dladdr exist failed with the following output:
Change Dir: /home/zhangjb/workspace/light-fm-95pvs/gpu_bxm_4_64/llvm-5935153/llvm.riscv64/CMakeFiles/CMakeTmp

Run Build Command:"/usr/bin/ninja" "cmTC_e0cd1"
[1/2] Building C object CMakeFiles/cmTC_e0cd1.dir/CheckSymbolExists.c.o
FAILED: CMakeFiles/cmTC_e0cd1.dir/CheckSymbolExists.c.o 
/home/zhangjb/workspace/light-fm-95pvs/buildroot/output/host/bin/riscv64-unknown-linux-gnu-gcc --sysroot=/home/zhangjb/workspace/light-fm-95pvs/buildroot/output/host/opt/ext-toolchain/sysroot    -o CMakeFiles/cmTC_e0cd1.dir/CheckSymbolExists.c.o   -c CheckSymbolExists.c
CheckSymbolExists.c: In function 'main':
CheckSymbolExists.c:8:19: error: 'dladdr' undeclared (first use in this function)
   return ((int*)(&dladdr))[argc];
                   ^~~~~~
CheckSymbolExists.c:8:19: note: each undeclared identifier is reported only once for each function it appears in
ninja: build stopped: subcommand failed.

File /home/zhangjb/workspace/light-fm-95pvs/gpu_bxm_4_64/llvm-5935153/llvm.riscv64/CMakeFiles/CMakeTmp/CheckSymbolExists.c:
/* */
#include <dlfcn.h>

int main(int argc, char** argv)
{
  (void)argv;
#ifndef dladdr
  return ((int*)(&dladdr))[argc];
#else
  (void)argc;
  return 0;
#endif
}

Performing C SOURCE FILE Test HAVE_STRUCT_STAT_ST_MTIMESPEC_TV_NSEC failed with the following output:
Change Dir: /home/zhangjb/workspace/light-fm-95pvs/gpu_bxm_4_64/llvm-5935153/llvm.riscv64/CMakeFiles/CMakeTmp

Run Build Command:"/usr/bin/ninja" "cmTC_5eae1"
[1/2] Building C object CMakeFiles/cmTC_5eae1.dir/src.c.o
FAILED: CMakeFiles/cmTC_5eae1.dir/src.c.o 
/home/zhangjb/workspace/light-fm-95pvs/buildroot/output/host/bin/riscv64-unknown-linux-gnu-gcc --sysroot=/home/zhangjb/workspace/light-fm-95pvs/buildroot/output/host/opt/ext-toolchain/sysroot   -DHAVE_STRUCT_STAT_ST_MTIMESPEC_TV_NSEC -o CMakeFiles/cmTC_5eae1.dir/src.c.o   -c src.c
src.c: In function 'main':
src.c:7:37: error: 'struct stat' has no member named 'st_mtimespec'; did you mean 'st_mtim'?
    (void)sizeof(((struct stat *)0)->st_mtimespec.tv_nsec);
                                     ^~~~~~~~~~~~
                                     st_mtim
ninja: build stopped: subcommand failed.

Source file was:

#include <sys/types.h>
#include <sys/stat.h>

int main()
{
   (void)sizeof(((struct stat *)0)->st_mtimespec.tv_nsec);
   return 0;
}

Performing C++ SOURCE FILE Test SUPPORTS_GNU_ZERO_VARIADIC_MACRO_ARGUMENTS_FLAG failed with the following output:
Change Dir: /home/zhangjb/workspace/light-fm-95pvs/gpu_bxm_4_64/llvm-5935153/llvm.riscv64/CMakeFiles/CMakeTmp

Run Build Command:"/usr/bin/ninja" "cmTC_2a2be"
[1/2] Building CXX object CMakeFiles/cmTC_2a2be.dir/src.cxx.o
FAILED: CMakeFiles/cmTC_2a2be.dir/src.cxx.o 
/home/zhangjb/workspace/light-fm-95pvs/buildroot/output/host/bin/riscv64-unknown-linux-gnu-g++ --sysroot=/home/zhangjb/workspace/light-fm-95pvs/buildroot/output/host/opt/ext-toolchain/sysroot    -DSUPPORTS_GNU_ZERO_VARIADIC_MACRO_ARGUMENTS_FLAG   -Wgnu-zero-variadic-macro-arguments -o CMakeFiles/cmTC_2a2be.dir/src.cxx.o -c src.cxx
riscv64-unknown-linux-gnu-g++: error: unrecognized command line option '-Wgnu-zero-variadic-macro-arguments'; did you mean '-Wno-variadic-macros'?
ninja: build stopped: subcommand failed.

Source file was:
int main() { return 0; }
Performing C++ SOURCE FILE Test CXX_SUPPORTS_WERROR_UNGUARDED_AVAILABILITY_NEW failed with the following output:
Change Dir: /home/zhangjb/workspace/light-fm-95pvs/gpu_bxm_4_64/llvm-5935153/llvm.riscv64/CMakeFiles/CMakeTmp

Run Build Command:"/usr/bin/ninja" "cmTC_9325d"
[1/2] Building CXX object CMakeFiles/cmTC_9325d.dir/src.cxx.o
FAILED: CMakeFiles/cmTC_9325d.dir/src.cxx.o 
/home/zhangjb/workspace/light-fm-95pvs/buildroot/output/host/bin/riscv64-unknown-linux-gnu-g++ --sysroot=/home/zhangjb/workspace/light-fm-95pvs/buildroot/output/host/opt/ext-toolchain/sysroot    -fPIC -fvisibility-inlines-hidden -Werror=date-time -DCXX_SUPPORTS_WERROR_UNGUARDED_AVAILABILITY_NEW   -Werror -Werror=unguarded-availability-new -o CMakeFiles/cmTC_9325d.dir/src.cxx.o -c src.cxx
cc1plus: error: -Werror=unguarded-availability-new: no option -Wunguarded-availability-new
ninja: build stopped: subcommand failed.

Source file was:
int main() { return 0; }
Performing C SOURCE FILE Test C_SUPPORTS_COVERED_SWITCH_DEFAULT_FLAG failed with the following output:
Change Dir: /home/zhangjb/workspace/light-fm-95pvs/gpu_bxm_4_64/llvm-5935153/llvm.riscv64/CMakeFiles/CMakeTmp

Run Build Command:"/usr/bin/ninja" "cmTC_27ef0"
[1/2] Building C object CMakeFiles/cmTC_27ef0.dir/src.c.o
FAILED: CMakeFiles/cmTC_27ef0.dir/src.c.o 
/home/zhangjb/workspace/light-fm-95pvs/buildroot/output/host/bin/riscv64-unknown-linux-gnu-gcc --sysroot=/home/zhangjb/workspace/light-fm-95pvs/buildroot/output/host/opt/ext-toolchain/sysroot   -fPIC -Werror=date-time -Wall -Wextra -Wno-unused-parameter -Wwrite-strings -Wno-missing-field-initializers -pedantic -Wno-long-long -Wimplicit-fallthrough -DC_SUPPORTS_COVERED_SWITCH_DEFAULT_FLAG   -Werror -Wcovered-switch-default -o CMakeFiles/cmTC_27ef0.dir/src.c.o   -c src.c
riscv64-unknown-linux-gnu-gcc: error: unrecognized command line option '-Wcovered-switch-default'; did you mean '-Wno-switch-default'?
ninja: build stopped: subcommand failed.

Source file was:
int main(void) { return 0; }
Performing C++ SOURCE FILE Test CXX_SUPPORTS_COVERED_SWITCH_DEFAULT_FLAG failed with the following output:
Change Dir: /home/zhangjb/workspace/light-fm-95pvs/gpu_bxm_4_64/llvm-5935153/llvm.riscv64/CMakeFiles/CMakeTmp

Run Build Command:"/usr/bin/ninja" "cmTC_fdd42"
[1/2] Building CXX object CMakeFiles/cmTC_fdd42.dir/src.cxx.o
FAILED: CMakeFiles/cmTC_fdd42.dir/src.cxx.o 
/home/zhangjb/workspace/light-fm-95pvs/buildroot/output/host/bin/riscv64-unknown-linux-gnu-g++ --sysroot=/home/zhangjb/workspace/light-fm-95pvs/buildroot/output/host/opt/ext-toolchain/sysroot    -fPIC -fvisibility-inlines-hidden -Werror=date-time -std=c++11 -Wall -Wextra -Wno-unused-parameter -Wwrite-strings -Wcast-qual -Wno-missing-field-initializers -pedantic -Wno-long-long -Wimplicit-fallthrough -DCXX_SUPPORTS_COVERED_SWITCH_DEFAULT_FLAG   -Werror -Wcovered-switch-default -o CMakeFiles/cmTC_fdd42.dir/src.cxx.o -c src.cxx
riscv64-unknown-linux-gnu-g++: error: unrecognized command line option '-Wcovered-switch-default'; did you mean '-Wno-switch-default'?
ninja: build stopped: subcommand failed.

Source file was:
int main() { return 0; }
Performing C SOURCE FILE Test C_SUPPORTS_DELETE_NON_VIRTUAL_DTOR_FLAG failed with the following output:
Change Dir: /home/zhangjb/workspace/light-fm-95pvs/gpu_bxm_4_64/llvm-5935153/llvm.riscv64/CMakeFiles/CMakeTmp

Run Build Command:"/usr/bin/ninja" "cmTC_cf49b"
[1/2] Building C object CMakeFiles/cmTC_cf49b.dir/src.c.o
FAILED: CMakeFiles/cmTC_cf49b.dir/src.c.o 
/home/zhangjb/workspace/light-fm-95pvs/buildroot/output/host/bin/riscv64-unknown-linux-gnu-gcc --sysroot=/home/zhangjb/workspace/light-fm-95pvs/buildroot/output/host/opt/ext-toolchain/sysroot   -fPIC -Werror=date-time -Wall -Wextra -Wno-unused-parameter -Wwrite-strings -Wno-missing-field-initializers -pedantic -Wno-long-long -Wimplicit-fallthrough -DC_SUPPORTS_DELETE_NON_VIRTUAL_DTOR_FLAG   -Werror -Wdelete-non-virtual-dtor -o CMakeFiles/cmTC_cf49b.dir/src.c.o   -c src.c
cc1: error: command line option '-Wdelete-non-virtual-dtor' is valid for C++/ObjC++ but not for C [-Werror]
cc1: all warnings being treated as errors
ninja: build stopped: subcommand failed.

Source file was:
int main(void) { return 0; }
Performing C SOURCE FILE Test C_WCOMMENT_ALLOWS_LINE_WRAP failed with the following output:
Change Dir: /home/zhangjb/workspace/light-fm-95pvs/gpu_bxm_4_64/llvm-5935153/llvm.riscv64/CMakeFiles/CMakeTmp

Run Build Command:"/usr/bin/ninja" "cmTC_6dc67"
[1/2] Building C object CMakeFiles/cmTC_6dc67.dir/src.c.o
FAILED: CMakeFiles/cmTC_6dc67.dir/src.c.o 
/home/zhangjb/workspace/light-fm-95pvs/buildroot/output/host/bin/riscv64-unknown-linux-gnu-gcc --sysroot=/home/zhangjb/workspace/light-fm-95pvs/buildroot/output/host/opt/ext-toolchain/sysroot -D_GNU_SOURCE  -fPIC -Werror=date-time -Wall -Wextra -Wno-unused-parameter -Wwrite-strings -Wno-missing-field-initializers -pedantic -Wno-long-long -Wimplicit-fallthrough -DC_WCOMMENT_ALLOWS_LINE_WRAP  -Werror -Wcomment -o CMakeFiles/cmTC_6dc67.dir/src.c.o   -c src.c
src.c:1:1: error: multi-line comment [-Werror=comment]
 // \
 ^
cc1: all warnings being treated as errors
ninja: build stopped: subcommand failed.

Source file was:
// \
//
int main() {return 0;}
Performing C SOURCE FILE Test C_SUPPORTS_STRING_CONVERSION_FLAG failed with the following output:
Change Dir: /home/zhangjb/workspace/light-fm-95pvs/gpu_bxm_4_64/llvm-5935153/llvm.riscv64/CMakeFiles/CMakeTmp

Run Build Command:"/usr/bin/ninja" "cmTC_97b9a"
[1/2] Building C object CMakeFiles/cmTC_97b9a.dir/src.c.o
FAILED: CMakeFiles/cmTC_97b9a.dir/src.c.o 
/home/zhangjb/workspace/light-fm-95pvs/buildroot/output/host/bin/riscv64-unknown-linux-gnu-gcc --sysroot=/home/zhangjb/workspace/light-fm-95pvs/buildroot/output/host/opt/ext-toolchain/sysroot   -fPIC -Werror=date-time -Wall -Wextra -Wno-unused-parameter -Wwrite-strings -Wno-missing-field-initializers -pedantic -Wno-long-long -Wimplicit-fallthrough -Wno-comment -DC_SUPPORTS_STRING_CONVERSION_FLAG   -Werror -Wstring-conversion -o CMakeFiles/cmTC_97b9a.dir/src.c.o   -c src.c
riscv64-unknown-linux-gnu-gcc: error: unrecognized command line option '-Wstring-conversion'; did you mean '-Wint-conversion'?
ninja: build stopped: subcommand failed.

Source file was:
int main(void) { return 0; }
Performing C++ SOURCE FILE Test CXX_SUPPORTS_STRING_CONVERSION_FLAG failed with the following output:
Change Dir: /home/zhangjb/workspace/light-fm-95pvs/gpu_bxm_4_64/llvm-5935153/llvm.riscv64/CMakeFiles/CMakeTmp

Run Build Command:"/usr/bin/ninja" "cmTC_58ce4"
[1/2] Building CXX object CMakeFiles/cmTC_58ce4.dir/src.cxx.o
FAILED: CMakeFiles/cmTC_58ce4.dir/src.cxx.o 
/home/zhangjb/workspace/light-fm-95pvs/buildroot/output/host/bin/riscv64-unknown-linux-gnu-g++ --sysroot=/home/zhangjb/workspace/light-fm-95pvs/buildroot/output/host/opt/ext-toolchain/sysroot    -fPIC -fvisibility-inlines-hidden -Werror=date-time -std=c++11 -Wall -Wextra -Wno-unused-parameter -Wwrite-strings -Wcast-qual -Wno-missing-field-initializers -pedantic -Wno-long-long -Wimplicit-fallthrough -Wno-maybe-uninitialized -Wno-class-memaccess -Wno-noexcept-type -Wdelete-non-virtual-dtor -Wno-comment -DCXX_SUPPORTS_STRING_CONVERSION_FLAG   -Werror -Wstring-conversion -o CMakeFiles/cmTC_58ce4.dir/src.cxx.o -c src.cxx
riscv64-unknown-linux-gnu-g++: error: unrecognized command line option '-Wstring-conversion'; did you mean '-Wint-conversion'?
ninja: build stopped: subcommand failed.

Source file was:
int main() { return 0; }
Performing C++ SOURCE FILE Test LINKER_SUPPORTS_COLOR_DIAGNOSTICS failed with the following output:
Change Dir: /home/zhangjb/workspace/light-fm-95pvs/gpu_bxm_4_64/llvm-5935153/llvm.riscv64/CMakeFiles/CMakeTmp

Run Build Command:"/usr/bin/ninja" "cmTC_2ab5e"
[1/2] Building CXX object CMakeFiles/cmTC_2ab5e.dir/src.cxx.o
[2/2] Linking CXX executable cmTC_2ab5e
FAILED: cmTC_2ab5e 
: && /home/zhangjb/workspace/light-fm-95pvs/buildroot/output/host/bin/riscv64-unknown-linux-gnu-g++ --sysroot=/home/zhangjb/workspace/light-fm-95pvs/buildroot/output/host/opt/ext-toolchain/sysroot  -fPIC -fvisibility-inlines-hidden -Werror=date-time -std=c++11 -Wall -Wextra -Wno-unused-parameter -Wwrite-strings -Wcast-qual -Wno-missing-field-initializers -pedantic -Wno-long-long -Wimplicit-fallthrough -Wno-maybe-uninitialized -Wno-class-memaccess -Wno-noexcept-type -Wdelete-non-virtual-dtor -Wno-comment -fdiagnostics-color -DLINKER_SUPPORTS_COLOR_DIAGNOSTICS  -Wl,--color-diagnostics CMakeFiles/cmTC_2ab5e.dir/src.cxx.o  -o cmTC_2ab5e  -lm && :
/home/zhangjb/workspace/light-fm-95pvs/buildroot/output/host/opt/ext-toolchain/bin/../lib/gcc/riscv64-unknown-linux-gnu/8.1.0/../../../../riscv64-unknown-linux-gnu/bin/ld: unrecognized option '--color-diagnostics'
/home/zhangjb/workspace/light-fm-95pvs/buildroot/output/host/opt/ext-toolchain/bin/../lib/gcc/riscv64-unknown-linux-gnu/8.1.0/../../../../riscv64-unknown-linux-gnu/bin/ld: use the --help option for usage information
collect2: error: ld returned 1 exit status
ninja: build stopped: subcommand failed.

Source file was:
int main() { return 0; }
Determining if the os_signpost_interval_begin exist failed with the following output:
Change Dir: /home/zhangjb/workspace/light-fm-95pvs/gpu_bxm_4_64/llvm-5935153/llvm.riscv64/CMakeFiles/CMakeTmp

Run Build Command:"/usr/bin/ninja" "cmTC_0cc27"
[1/2] Building C object CMakeFiles/cmTC_0cc27.dir/CheckSymbolExists.c.o
FAILED: CMakeFiles/cmTC_0cc27.dir/CheckSymbolExists.c.o 
/home/zhangjb/workspace/light-fm-95pvs/buildroot/output/host/bin/riscv64-unknown-linux-gnu-gcc --sysroot=/home/zhangjb/workspace/light-fm-95pvs/buildroot/output/host/opt/ext-toolchain/sysroot -D_GNU_SOURCE  -fPIC -Werror=date-time -Wall -Wextra -Wno-unused-parameter -Wwrite-strings -Wno-missing-field-initializers -pedantic -Wno-long-long -Wimplicit-fallthrough -Wno-comment -fdiagnostics-color -ffunction-sections -fdata-sections -o CMakeFiles/cmTC_0cc27.dir/CheckSymbolExists.c.o   -c CheckSymbolExists.c
CheckSymbolExists.c:2:10: fatal error: os/signpost.h: No such file or directory
 #include <os/signpost.h>
          ^~~~~~~~~~~~~~~
compilation terminated.
ninja: build stopped: subcommand failed.

File /home/zhangjb/workspace/light-fm-95pvs/gpu_bxm_4_64/llvm-5935153/llvm.riscv64/CMakeFiles/CMakeTmp/CheckSymbolExists.c:
/* */
#include <os/signpost.h>

int main(int argc, char** argv)
{
  (void)argv;
#ifndef os_signpost_interval_begin
  return ((int*)(&os_signpost_interval_begin))[argc];
#else
  (void)argc;
  return 0;
#endif
}

Performing C++ SOURCE FILE Test CXX_SUPPORTS_NO_NESTED_ANON_TYPES_FLAG failed with the following output:
Change Dir: /home/zhangjb/workspace/light-fm-95pvs/gpu_bxm_4_64/llvm-5935153/llvm.riscv64/CMakeFiles/CMakeTmp

Run Build Command:"/usr/bin/ninja" "cmTC_3ab36"
[1/2] Building CXX object CMakeFiles/cmTC_3ab36.dir/src.cxx.o
FAILED: CMakeFiles/cmTC_3ab36.dir/src.cxx.o 
/home/zhangjb/workspace/light-fm-95pvs/buildroot/output/host/bin/riscv64-unknown-linux-gnu-g++ --sysroot=/home/zhangjb/workspace/light-fm-95pvs/buildroot/output/host/opt/ext-toolchain/sysroot    -fPIC -fvisibility-inlines-hidden -Werror=date-time -std=c++11 -Wall -Wextra -Wno-unused-parameter -Wwrite-strings -Wcast-qual -Wno-missing-field-initializers -pedantic -Wno-long-long -Wimplicit-fallthrough -Wno-maybe-uninitialized -Wno-class-memaccess -Wno-noexcept-type -Wdelete-non-virtual-dtor -Wno-comment -fdiagnostics-color -ffunction-sections -fdata-sections -fno-common -Woverloaded-virtual -fno-strict-aliasing -DCXX_SUPPORTS_NO_NESTED_ANON_TYPES_FLAG   -Werror -Wnested-anon-types -o CMakeFiles/cmTC_3ab36.dir/src.cxx.o -c src.cxx
riscv64-unknown-linux-gnu-g++: error: unrecognized command line option '-Wnested-anon-types'; did you mean '-Wnested-externs'?
ninja: build stopped: subcommand failed.

Source file was:
int main() { return 0; }
Performing C++ SOURCE FILE Test HAVE_CXX_FLAG_WSHORTEN_64_TO_32 failed with the following output:
Change Dir: /home/zhangjb/workspace/light-fm-95pvs/gpu_bxm_4_64/llvm-5935153/llvm.riscv64/CMakeFiles/CMakeTmp

Run Build Command:"/usr/bin/ninja" "cmTC_022a0"
[1/2] Building CXX object CMakeFiles/cmTC_022a0.dir/src.cxx.o
FAILED: CMakeFiles/cmTC_022a0.dir/src.cxx.o 
/home/zhangjb/workspace/light-fm-95pvs/buildroot/output/host/bin/riscv64-unknown-linux-gnu-g++ --sysroot=/home/zhangjb/workspace/light-fm-95pvs/buildroot/output/host/opt/ext-toolchain/sysroot    -fPIC -fvisibility-inlines-hidden -Werror=date-time -std=c++11 -Wall -Wextra -Wno-unused-parameter -Wwrite-strings -Wcast-qual -Wno-missing-field-initializers -pedantic -Wno-long-long -Wimplicit-fallthrough -Wno-maybe-uninitialized -Wno-class-memaccess -Wno-noexcept-type -Wdelete-non-virtual-dtor -Wno-comment -fdiagnostics-color -ffunction-sections -fdata-sections  -std=c++11  -Wall  -Wextra  -Wshadow  -pedantic  -pedantic-errors -DHAVE_CXX_FLAG_WSHORTEN_64_TO_32  -Wshorten-64-to-32   -Wshorten-64-to-32 -o CMakeFiles/cmTC_022a0.dir/src.cxx.o -c src.cxx
riscv64-unknown-linux-gnu-g++: error: unrecognized command line option '-Wshorten-64-to-32'
riscv64-unknown-linux-gnu-g++: error: unrecognized command line option '-Wshorten-64-to-32'
ninja: build stopped: subcommand failed.

Source file was:
int main() { return 0; }
Performing C++ SOURCE FILE Test HAVE_CXX_FLAG_WD654 failed with the following output:
Change Dir: /home/zhangjb/workspace/light-fm-95pvs/gpu_bxm_4_64/llvm-5935153/llvm.riscv64/CMakeFiles/CMakeTmp

Run Build Command:"/usr/bin/ninja" "cmTC_ec8e5"
[1/2] Building CXX object CMakeFiles/cmTC_ec8e5.dir/src.cxx.o
FAILED: CMakeFiles/cmTC_ec8e5.dir/src.cxx.o 
/home/zhangjb/workspace/light-fm-95pvs/buildroot/output/host/bin/riscv64-unknown-linux-gnu-g++ --sysroot=/home/zhangjb/workspace/light-fm-95pvs/buildroot/output/host/opt/ext-toolchain/sysroot    -fPIC -fvisibility-inlines-hidden -Werror=date-time -std=c++11 -Wall -Wextra -Wno-unused-parameter -Wwrite-strings -Wcast-qual -Wno-missing-field-initializers -pedantic -Wno-long-long -Wimplicit-fallthrough -Wno-maybe-uninitialized -Wno-class-memaccess -Wno-noexcept-type -Wdelete-non-virtual-dtor -Wno-comment -fdiagnostics-color -ffunction-sections -fdata-sections  -std=c++11  -Wall  -Wextra  -Wshadow  -pedantic  -pedantic-errors  -Wfloat-equal  -fstrict-aliasing  -fno-exceptions  -Wstrict-aliasing -DHAVE_CXX_FLAG_WD654  -wd654   -wd654 -o CMakeFiles/cmTC_ec8e5.dir/src.cxx.o -c src.cxx
riscv64-unknown-linux-gnu-g++: error: unrecognized command line option '-wd654'
riscv64-unknown-linux-gnu-g++: error: unrecognized command line option '-wd654'
ninja: build stopped: subcommand failed.

Source file was:
int main() { return 0; }
Performing C++ SOURCE FILE Test HAVE_CXX_FLAG_WTHREAD_SAFETY failed with the following output:
Change Dir: /home/zhangjb/workspace/light-fm-95pvs/gpu_bxm_4_64/llvm-5935153/llvm.riscv64/CMakeFiles/CMakeTmp

Run Build Command:"/usr/bin/ninja" "cmTC_4a38c"
[1/2] Building CXX object CMakeFiles/cmTC_4a38c.dir/src.cxx.o
FAILED: CMakeFiles/cmTC_4a38c.dir/src.cxx.o 
/home/zhangjb/workspace/light-fm-95pvs/buildroot/output/host/bin/riscv64-unknown-linux-gnu-g++ --sysroot=/home/zhangjb/workspace/light-fm-95pvs/buildroot/output/host/opt/ext-toolchain/sysroot    -fPIC -fvisibility-inlines-hidden -Werror=date-time -std=c++11 -Wall -Wextra -Wno-unused-parameter -Wwrite-strings -Wcast-qual -Wno-missing-field-initializers -pedantic -Wno-long-long -Wimplicit-fallthrough -Wno-maybe-uninitialized -Wno-class-memaccess -Wno-noexcept-type -Wdelete-non-virtual-dtor -Wno-comment -fdiagnostics-color -ffunction-sections -fdata-sections  -std=c++11  -Wall  -Wextra  -Wshadow  -pedantic  -pedantic-errors  -Wfloat-equal  -fstrict-aliasing  -fno-exceptions  -Wstrict-aliasing -DHAVE_CXX_FLAG_WTHREAD_SAFETY  -Wthread-safety   -Wthread-safety -o CMakeFiles/cmTC_4a38c.dir/src.cxx.o -c src.cxx
riscv64-unknown-linux-gnu-g++: error: unrecognized command line option '-Wthread-safety'; did you mean '-fthread-jumps'?
riscv64-unknown-linux-gnu-g++: error: unrecognized command line option '-Wthread-safety'; did you mean '-fthread-jumps'?
ninja: build stopped: subcommand failed.

Source file was:
int main() { return 0; }
